This is pdfTeX, Version 3.14159265-2.6-1.40.16 (TeX Live 2015/Debian) (preloaded format=pdflatex 2019.6.2)  2 JUN 2019 17:34
entering extended mode
 restricted \write18 enabled.
 %&-line parsing enabled.
**main.tex
(./main.tex
LaTeX2e <2016/02/01>
Babel <3.9q> and hyphenation patterns for 81 language(s) loaded.
(/usr/share/texlive/texmf-dist/tex/latex/base/report.cls
Document Class: report 2014/09/29 v1.4h Standard LaTeX document class
(/usr/share/texlive/texmf-dist/tex/latex/base/size12.clo
File: size12.clo 2014/09/29 v1.4h Standard LaTeX file (size option)
)
\c@part=\count79
\c@chapter=\count80
\c@section=\count81
\c@subsection=\count82
\c@subsubsection=\count83
\c@paragraph=\count84
\c@subparagraph=\count85
\c@figure=\count86
\c@table=\count87
\abovecaptionskip=\skip41
\belowcaptionskip=\skip42
\bibindent=\dimen102
)
(/usr/share/texlive/texmf-dist/tex/generic/babel/babel.sty
Package: babel 2016/02/24 3.9q The Babel package

(/usr/share/texlive/texmf-dist/tex/generic/babel-english/english.ldf
Language: english 2012/08/20 v3.3p English support from the babel system

(/usr/share/texlive/texmf-dist/tex/generic/babel/babel.def
File: babel.def 2016/02/24 3.9q Babel common definitions
\babel@savecnt=\count88
\U@D=\dimen103
)
\l@canadian = a dialect from \language\l@american 
\l@australian = a dialect from \language\l@british 
\l@newzealand = a dialect from \language\l@british 
))
(/usr/share/texlive/texmf-dist/tex/latex/base/inputenc.sty
Package: inputenc 2015/03/17 v1.2c Input encoding file
\inpenc@prehook=\toks14
\inpenc@posthook=\toks15

(/usr/share/texlive/texmf-dist/tex/latex/ucs/utf8x.def
File: utf8x.def 2004/10/17 UCS: Input encoding UTF-8
))
(/usr/share/texlive/texmf-dist/tex/latex/ucs/ucs.sty
Package: ucs 2013/05/11 v2.2 UCS: Unicode input support

(/usr/share/texlive/texmf-dist/tex/latex/ucs/data/uni-global.def
File: uni-global.def 2013/05/13 UCS: Unicode global data
)
\uc@secondtry=\count89
\uc@combtoks=\toks16
\uc@combtoksb=\toks17
\uc@temptokena=\toks18
)
(/usr/share/texlive/texmf-dist/tex/latex/amsmath/amsmath.sty
Package: amsmath 2016/03/03 v2.15a AMS math features
\@mathmargin=\skip43

For additional information on amsmath, use the `?' option.
(/usr/share/texlive/texmf-dist/tex/latex/amsmath/amstext.sty
Package: amstext 2000/06/29 v2.01 AMS text

(/usr/share/texlive/texmf-dist/tex/latex/amsmath/amsgen.sty
File: amsgen.sty 1999/11/30 v2.0 generic functions
\@emptytoks=\toks19
\ex@=\dimen104
))
(/usr/share/texlive/texmf-dist/tex/latex/amsmath/amsbsy.sty
Package: amsbsy 1999/11/29 v1.2d Bold Symbols
\pmbraise@=\dimen105
)
(/usr/share/texlive/texmf-dist/tex/latex/amsmath/amsopn.sty
Package: amsopn 1999/12/14 v2.01 operator names
)
\inf@bad=\count90
LaTeX Info: Redefining \frac on input line 199.
\uproot@=\count91
\leftroot@=\count92
LaTeX Info: Redefining \overline on input line 297.
\classnum@=\count93
\DOTSCASE@=\count94
LaTeX Info: Redefining \ldots on input line 394.
LaTeX Info: Redefining \dots on input line 397.
LaTeX Info: Redefining \cdots on input line 518.
\Mathstrutbox@=\box26
\strutbox@=\box27
\big@size=\dimen106
LaTeX Font Info:    Redeclaring font encoding OML on input line 630.
LaTeX Font Info:    Redeclaring font encoding OMS on input line 631.
\macc@depth=\count95
\c@MaxMatrixCols=\count96
\dotsspace@=\muskip10
\c@parentequation=\count97
\dspbrk@lvl=\count98
\tag@help=\toks20
\row@=\count99
\column@=\count100
\maxfields@=\count101
\andhelp@=\toks21
\eqnshift@=\dimen107
\alignsep@=\dimen108
\tagshift@=\dimen109
\tagwidth@=\dimen110
\totwidth@=\dimen111
\lineht@=\dimen112
\@envbody=\toks22
\multlinegap=\skip44
\multlinetaggap=\skip45
\mathdisplay@stack=\toks23
LaTeX Info: Redefining \[ on input line 2735.
LaTeX Info: Redefining \] on input line 2736.
)
(/usr/share/texlive/texmf-dist/tex/latex/amsfonts/amsfonts.sty
Package: amsfonts 2013/01/14 v3.01 Basic AMSFonts support
\symAMSa=\mathgroup4
\symAMSb=\mathgroup5
LaTeX Font Info:    Overwriting math alphabet `\mathfrak' in version `bold'
(Font)                  U/euf/m/n --> U/euf/b/n on input line 106.
)
(/usr/share/texlive/texmf-dist/tex/latex/graphics/graphicx.sty
Package: graphicx 2014/10/28 v1.0g Enhanced LaTeX Graphics (DPC,SPQR)

(/usr/share/texlive/texmf-dist/tex/latex/graphics/keyval.sty
Package: keyval 2014/10/28 v1.15 key=value parser (DPC)
\KV@toks@=\toks24
)
(/usr/share/texlive/texmf-dist/tex/latex/graphics/graphics.sty
Package: graphics 2016/01/03 v1.0q Standard LaTeX Graphics (DPC,SPQR)

(/usr/share/texlive/texmf-dist/tex/latex/graphics/trig.sty
Package: trig 2016/01/03 v1.10 sin cos tan (DPC)
)
(/usr/share/texlive/texmf-dist/tex/latex/latexconfig/graphics.cfg
File: graphics.cfg 2010/04/23 v1.9 graphics configuration of TeX Live
)
Package graphics Info: Driver file: pdftex.def on input line 95.

(/usr/share/texlive/texmf-dist/tex/latex/pdftex-def/pdftex.def
File: pdftex.def 2011/05/27 v0.06d Graphics/color for pdfTeX

(/usr/share/texlive/texmf-dist/tex/generic/oberdiek/infwarerr.sty
Package: infwarerr 2010/04/08 v1.3 Providing info/warning/error messages (HO)
)
(/usr/share/texlive/texmf-dist/tex/generic/oberdiek/ltxcmds.sty
Package: ltxcmds 2011/11/09 v1.22 LaTeX kernel commands for general use (HO)
)
\Gread@gobject=\count102
))
\Gin@req@height=\dimen113
\Gin@req@width=\dimen114
)
(/usr/share/texlive/texmf-dist/tex/latex/fancyhdr/fancyhdr.sty
\fancy@headwidth=\skip46
\f@ncyO@elh=\skip47
\f@ncyO@erh=\skip48
\f@ncyO@olh=\skip49
\f@ncyO@orh=\skip50
\f@ncyO@elf=\skip51
\f@ncyO@erf=\skip52
\f@ncyO@olf=\skip53
\f@ncyO@orf=\skip54
)
(/usr/share/texlive/texmf-dist/tex/latex/todonotes/todonotes.sty
Package: todonotes 2015/07/09 .dtx Todonotes source and documentation.
Package: todonotes 2012/07/25

(/usr/share/texlive/texmf-dist/tex/latex/base/ifthen.sty
Package: ifthen 2014/09/29 v1.1c Standard LaTeX ifthen package (DPC)
)
(/usr/share/texlive/texmf-dist/tex/latex/xkeyval/xkeyval.sty
Package: xkeyval 2014/12/03 v2.7a package option processing (HA)

(/usr/share/texlive/texmf-dist/tex/generic/xkeyval/xkeyval.tex
(/usr/share/texlive/texmf-dist/tex/generic/xkeyval/xkvutils.tex
\XKV@toks=\toks25
\XKV@tempa@toks=\toks26
)
\XKV@depth=\count103
File: xkeyval.tex 2014/12/03 v2.7a key=value parser (HA)
))
(/usr/share/texlive/texmf-dist/tex/latex/xcolor/xcolor.sty
Package: xcolor 2007/01/21 v2.11 LaTeX color extensions (UK)

(/usr/share/texlive/texmf-dist/tex/latex/latexconfig/color.cfg
File: color.cfg 2007/01/18 v1.5 color configuration of teTeX/TeXLive
)
Package xcolor Info: Driver file: pdftex.def on input line 225.
Package xcolor Info: Model `cmy' substituted by `cmy0' on input line 1337.
Package xcolor Info: Model `hsb' substituted by `rgb' on input line 1341.
Package xcolor Info: Model `RGB' extended on input line 1353.
Package xcolor Info: Model `HTML' substituted by `rgb' on input line 1355.
Package xcolor Info: Model `Hsb' substituted by `hsb' on input line 1356.
Package xcolor Info: Model `tHsb' substituted by `hsb' on input line 1357.
Package xcolor Info: Model `HSB' substituted by `hsb' on input line 1358.
Package xcolor Info: Model `Gray' substituted by `gray' on input line 1359.
Package xcolor Info: Model `wave' substituted by `hsb' on input line 1360.
)
(/usr/share/texlive/texmf-dist/tex/latex/pgf/frontendlayer/tikz.sty
(/usr/share/texlive/texmf-dist/tex/latex/pgf/basiclayer/pgf.sty
(/usr/share/texlive/texmf-dist/tex/latex/pgf/utilities/pgfrcs.sty
(/usr/share/texlive/texmf-dist/tex/generic/pgf/utilities/pgfutil-common.tex
\pgfutil@everybye=\toks27
\pgfutil@tempdima=\dimen115
\pgfutil@tempdimb=\dimen116

(/usr/share/texlive/texmf-dist/tex/generic/pgf/utilities/pgfutil-common-lists.t
ex)) (/usr/share/texlive/texmf-dist/tex/generic/pgf/utilities/pgfutil-latex.def
\pgfutil@abb=\box28
(/usr/share/texlive/texmf-dist/tex/latex/ms/everyshi.sty
Package: everyshi 2001/05/15 v3.00 EveryShipout Package (MS)
))
(/usr/share/texlive/texmf-dist/tex/generic/pgf/utilities/pgfrcs.code.tex
Package: pgfrcs 2015/08/07 v3.0.1a (rcs-revision 1.31)
))
Package: pgf 2015/08/07 v3.0.1a (rcs-revision 1.15)

(/usr/share/texlive/texmf-dist/tex/latex/pgf/basiclayer/pgfcore.sty
(/usr/share/texlive/texmf-dist/tex/latex/pgf/systemlayer/pgfsys.sty
(/usr/share/texlive/texmf-dist/tex/generic/pgf/systemlayer/pgfsys.code.tex
Package: pgfsys 2014/07/09 v3.0.1a (rcs-revision 1.48)

(/usr/share/texlive/texmf-dist/tex/generic/pgf/utilities/pgfkeys.code.tex
\pgfkeys@pathtoks=\toks28
\pgfkeys@temptoks=\toks29

(/usr/share/texlive/texmf-dist/tex/generic/pgf/utilities/pgfkeysfiltered.code.t
ex
\pgfkeys@tmptoks=\toks30
))
\pgf@x=\dimen117
\pgf@y=\dimen118
\pgf@xa=\dimen119
\pgf@ya=\dimen120
\pgf@xb=\dimen121
\pgf@yb=\dimen122
\pgf@xc=\dimen123
\pgf@yc=\dimen124
\w@pgf@writea=\write3
\r@pgf@reada=\read1
\c@pgf@counta=\count104
\c@pgf@countb=\count105
\c@pgf@countc=\count106
\c@pgf@countd=\count107
\t@pgf@toka=\toks31
\t@pgf@tokb=\toks32
\t@pgf@tokc=\toks33
 (/usr/share/texlive/texmf-dist/tex/generic/pgf/systemlayer/pgf.cfg
File: pgf.cfg 2008/05/14  (rcs-revision 1.7)
)
Driver file for pgf: pgfsys-pdftex.def

(/usr/share/texlive/texmf-dist/tex/generic/pgf/systemlayer/pgfsys-pdftex.def
File: pgfsys-pdftex.def 2014/10/11  (rcs-revision 1.35)

(/usr/share/texlive/texmf-dist/tex/generic/pgf/systemlayer/pgfsys-common-pdf.de
f
File: pgfsys-common-pdf.def 2013/10/10  (rcs-revision 1.13)
)))
(/usr/share/texlive/texmf-dist/tex/generic/pgf/systemlayer/pgfsyssoftpath.code.
tex
File: pgfsyssoftpath.code.tex 2013/09/09  (rcs-revision 1.9)
\pgfsyssoftpath@smallbuffer@items=\count108
\pgfsyssoftpath@bigbuffer@items=\count109
)
(/usr/share/texlive/texmf-dist/tex/generic/pgf/systemlayer/pgfsysprotocol.code.
tex
File: pgfsysprotocol.code.tex 2006/10/16  (rcs-revision 1.4)
))
(/usr/share/texlive/texmf-dist/tex/generic/pgf/basiclayer/pgfcore.code.tex
Package: pgfcore 2010/04/11 v3.0.1a (rcs-revision 1.7)

(/usr/share/texlive/texmf-dist/tex/generic/pgf/math/pgfmath.code.tex
(/usr/share/texlive/texmf-dist/tex/generic/pgf/math/pgfmathcalc.code.tex
(/usr/share/texlive/texmf-dist/tex/generic/pgf/math/pgfmathutil.code.tex)
(/usr/share/texlive/texmf-dist/tex/generic/pgf/math/pgfmathparser.code.tex
\pgfmath@dimen=\dimen125
\pgfmath@count=\count110
\pgfmath@box=\box29
\pgfmath@toks=\toks34
\pgfmath@stack@operand=\toks35
\pgfmath@stack@operation=\toks36
)
(/usr/share/texlive/texmf-dist/tex/generic/pgf/math/pgfmathfunctions.code.tex
(/usr/share/texlive/texmf-dist/tex/generic/pgf/math/pgfmathfunctions.basic.code
.tex)
(/usr/share/texlive/texmf-dist/tex/generic/pgf/math/pgfmathfunctions.trigonomet
ric.code.tex)
(/usr/share/texlive/texmf-dist/tex/generic/pgf/math/pgfmathfunctions.random.cod
e.tex)
(/usr/share/texlive/texmf-dist/tex/generic/pgf/math/pgfmathfunctions.comparison
.code.tex)
(/usr/share/texlive/texmf-dist/tex/generic/pgf/math/pgfmathfunctions.base.code.
tex)
(/usr/share/texlive/texmf-dist/tex/generic/pgf/math/pgfmathfunctions.round.code
.tex)
(/usr/share/texlive/texmf-dist/tex/generic/pgf/math/pgfmathfunctions.misc.code.
tex)
(/usr/share/texlive/texmf-dist/tex/generic/pgf/math/pgfmathfunctions.integerari
thmetics.code.tex)))
(/usr/share/texlive/texmf-dist/tex/generic/pgf/math/pgfmathfloat.code.tex
\c@pgfmathroundto@lastzeros=\count111
))
(/usr/share/texlive/texmf-dist/tex/generic/pgf/basiclayer/pgfcorepoints.code.te
x
File: pgfcorepoints.code.tex 2013/10/07  (rcs-revision 1.27)
\pgf@picminx=\dimen126
\pgf@picmaxx=\dimen127
\pgf@picminy=\dimen128
\pgf@picmaxy=\dimen129
\pgf@pathminx=\dimen130
\pgf@pathmaxx=\dimen131
\pgf@pathminy=\dimen132
\pgf@pathmaxy=\dimen133
\pgf@xx=\dimen134
\pgf@xy=\dimen135
\pgf@yx=\dimen136
\pgf@yy=\dimen137
\pgf@zx=\dimen138
\pgf@zy=\dimen139
)
(/usr/share/texlive/texmf-dist/tex/generic/pgf/basiclayer/pgfcorepathconstruct.
code.tex
File: pgfcorepathconstruct.code.tex 2013/10/07  (rcs-revision 1.29)
\pgf@path@lastx=\dimen140
\pgf@path@lasty=\dimen141
)
(/usr/share/texlive/texmf-dist/tex/generic/pgf/basiclayer/pgfcorepathusage.code
.tex
File: pgfcorepathusage.code.tex 2014/11/02  (rcs-revision 1.24)
\pgf@shorten@end@additional=\dimen142
\pgf@shorten@start@additional=\dimen143
)
(/usr/share/texlive/texmf-dist/tex/generic/pgf/basiclayer/pgfcorescopes.code.te
x
File: pgfcorescopes.code.tex 2015/05/08  (rcs-revision 1.46)
\pgfpic=\box30
\pgf@hbox=\box31
\pgf@layerbox@main=\box32
\pgf@picture@serial@count=\count112
)
(/usr/share/texlive/texmf-dist/tex/generic/pgf/basiclayer/pgfcoregraphicstate.c
ode.tex
File: pgfcoregraphicstate.code.tex 2014/11/02  (rcs-revision 1.12)
\pgflinewidth=\dimen144
)
(/usr/share/texlive/texmf-dist/tex/generic/pgf/basiclayer/pgfcoretransformation
s.code.tex
File: pgfcoretransformations.code.tex 2015/08/07  (rcs-revision 1.20)
\pgf@pt@x=\dimen145
\pgf@pt@y=\dimen146
\pgf@pt@temp=\dimen147
)
(/usr/share/texlive/texmf-dist/tex/generic/pgf/basiclayer/pgfcorequick.code.tex
File: pgfcorequick.code.tex 2008/10/09  (rcs-revision 1.3)
)
(/usr/share/texlive/texmf-dist/tex/generic/pgf/basiclayer/pgfcoreobjects.code.t
ex
File: pgfcoreobjects.code.tex 2006/10/11  (rcs-revision 1.2)
)
(/usr/share/texlive/texmf-dist/tex/generic/pgf/basiclayer/pgfcorepathprocessing
.code.tex
File: pgfcorepathprocessing.code.tex 2013/09/09  (rcs-revision 1.9)
)
(/usr/share/texlive/texmf-dist/tex/generic/pgf/basiclayer/pgfcorearrows.code.te
x
File: pgfcorearrows.code.tex 2015/05/14  (rcs-revision 1.43)
\pgfarrowsep=\dimen148
)
(/usr/share/texlive/texmf-dist/tex/generic/pgf/basiclayer/pgfcoreshade.code.tex
File: pgfcoreshade.code.tex 2013/07/15  (rcs-revision 1.15)
\pgf@max=\dimen149
\pgf@sys@shading@range@num=\count113
)
(/usr/share/texlive/texmf-dist/tex/generic/pgf/basiclayer/pgfcoreimage.code.tex
File: pgfcoreimage.code.tex 2013/07/15  (rcs-revision 1.18)

(/usr/share/texlive/texmf-dist/tex/generic/pgf/basiclayer/pgfcoreexternal.code.
tex
File: pgfcoreexternal.code.tex 2014/07/09  (rcs-revision 1.21)
\pgfexternal@startupbox=\box33
))
(/usr/share/texlive/texmf-dist/tex/generic/pgf/basiclayer/pgfcorelayers.code.te
x
File: pgfcorelayers.code.tex 2013/07/18  (rcs-revision 1.7)
)
(/usr/share/texlive/texmf-dist/tex/generic/pgf/basiclayer/pgfcoretransparency.c
ode.tex
File: pgfcoretransparency.code.tex 2013/09/30  (rcs-revision 1.5)
)
(/usr/share/texlive/texmf-dist/tex/generic/pgf/basiclayer/pgfcorepatterns.code.
tex
File: pgfcorepatterns.code.tex 2013/11/07  (rcs-revision 1.5)
)))
(/usr/share/texlive/texmf-dist/tex/generic/pgf/modules/pgfmoduleshapes.code.tex
File: pgfmoduleshapes.code.tex 2014/03/21  (rcs-revision 1.35)
\pgfnodeparttextbox=\box34
) (/usr/share/texlive/texmf-dist/tex/generic/pgf/modules/pgfmoduleplot.code.tex
File: pgfmoduleplot.code.tex 2015/08/03  (rcs-revision 1.13)
)
(/usr/share/texlive/texmf-dist/tex/latex/pgf/compatibility/pgfcomp-version-0-65
.sty
Package: pgfcomp-version-0-65 2007/07/03 v3.0.1a (rcs-revision 1.7)
\pgf@nodesepstart=\dimen150
\pgf@nodesepend=\dimen151
)
(/usr/share/texlive/texmf-dist/tex/latex/pgf/compatibility/pgfcomp-version-1-18
.sty
Package: pgfcomp-version-1-18 2007/07/23 v3.0.1a (rcs-revision 1.1)
)) (/usr/share/texlive/texmf-dist/tex/latex/pgf/utilities/pgffor.sty
(/usr/share/texlive/texmf-dist/tex/latex/pgf/utilities/pgfkeys.sty
(/usr/share/texlive/texmf-dist/tex/generic/pgf/utilities/pgfkeys.code.tex))
(/usr/share/texlive/texmf-dist/tex/latex/pgf/math/pgfmath.sty
(/usr/share/texlive/texmf-dist/tex/generic/pgf/math/pgfmath.code.tex))
(/usr/share/texlive/texmf-dist/tex/generic/pgf/utilities/pgffor.code.tex
Package: pgffor 2013/12/13 v3.0.1a (rcs-revision 1.25)

(/usr/share/texlive/texmf-dist/tex/generic/pgf/math/pgfmath.code.tex)
\pgffor@iter=\dimen152
\pgffor@skip=\dimen153
\pgffor@stack=\toks37
\pgffor@toks=\toks38
))
(/usr/share/texlive/texmf-dist/tex/generic/pgf/frontendlayer/tikz/tikz.code.tex
Package: tikz 2015/08/07 v3.0.1a (rcs-revision 1.151)

(/usr/share/texlive/texmf-dist/tex/generic/pgf/libraries/pgflibraryplothandlers
.code.tex
File: pgflibraryplothandlers.code.tex 2013/08/31 v3.0.1a (rcs-revision 1.20)
\pgf@plot@mark@count=\count114
\pgfplotmarksize=\dimen154
)
\tikz@lastx=\dimen155
\tikz@lasty=\dimen156
\tikz@lastxsaved=\dimen157
\tikz@lastysaved=\dimen158
\tikzleveldistance=\dimen159
\tikzsiblingdistance=\dimen160
\tikz@figbox=\box35
\tikz@figbox@bg=\box36
\tikz@tempbox=\box37
\tikz@tempbox@bg=\box38
\tikztreelevel=\count115
\tikznumberofchildren=\count116
\tikznumberofcurrentchild=\count117
\tikz@fig@count=\count118

(/usr/share/texlive/texmf-dist/tex/generic/pgf/modules/pgfmodulematrix.code.tex
File: pgfmodulematrix.code.tex 2013/09/17  (rcs-revision 1.8)
\pgfmatrixcurrentrow=\count119
\pgfmatrixcurrentcolumn=\count120
\pgf@matrix@numberofcolumns=\count121
)
\tikz@expandcount=\count122

(/usr/share/texlive/texmf-dist/tex/generic/pgf/frontendlayer/tikz/libraries/tik
zlibrarytopaths.code.tex
File: tikzlibrarytopaths.code.tex 2008/06/17 v3.0.1a (rcs-revision 1.2)
)))
(/usr/share/texlive/texmf-dist/tex/generic/pgf/frontendlayer/tikz/libraries/tik
zlibrarypositioning.code.tex
File: tikzlibrarypositioning.code.tex 2008/10/06 v3.0.1a (rcs-revision 1.7)
)
(/usr/share/texlive/texmf-dist/tex/latex/tools/calc.sty
Package: calc 2014/10/28 v4.3 Infix arithmetic (KKT,FJ)
\calc@Acount=\count123
\calc@Bcount=\count124
\calc@Adimen=\dimen161
\calc@Bdimen=\dimen162
\calc@Askip=\skip55
\calc@Bskip=\skip56
LaTeX Info: Redefining \setlength on input line 80.
LaTeX Info: Redefining \addtolength on input line 81.
\calc@Ccount=\count125
\calc@Cskip=\skip57
)
\c@@todonotes@numberoftodonotes=\count126
)
(/usr/share/texlive/texmf-dist/tex/latex/appendix/appendix.sty
Package: appendix 2009/09/02 v1.2b extra appendix facilities
\c@@pps=\count127
\c@@ppsavesec=\count128
\c@@ppsaveapp=\count129
)
(/usr/share/texlive/texmf-dist/tex/latex/listings/listings.sty
\lst@mode=\count130
\lst@gtempboxa=\box39
\lst@token=\toks39
\lst@length=\count131
\lst@currlwidth=\dimen163
\lst@column=\count132
\lst@pos=\count133
\lst@lostspace=\dimen164
\lst@width=\dimen165
\lst@newlines=\count134
\lst@lineno=\count135
\lst@maxwidth=\dimen166

(/usr/share/texlive/texmf-dist/tex/latex/listings/lstmisc.sty
File: lstmisc.sty 2015/06/04 1.6 (Carsten Heinz)
\c@lstnumber=\count136
\lst@skipnumbers=\count137
\lst@framebox=\box40
)
(/usr/share/texlive/texmf-dist/tex/latex/listings/listings.cfg
File: listings.cfg 2015/06/04 1.6 listings configuration
))
Package: listings 2015/06/04 1.6 (Carsten Heinz)

(/usr/share/texlive/texmf-dist/tex/latex/caption/totalcount.sty
Package: totalcount 2013/05/12 v1.0-92 Total values of counters (AR)
\c@totalcount@page=\count138
)
(/usr/share/texlive/texmf-dist/tex/latex/geometry/geometry.sty
Package: geometry 2010/09/12 v5.6 Page Geometry

(/usr/share/texlive/texmf-dist/tex/generic/oberdiek/ifpdf.sty
Package: ifpdf 2011/01/30 v2.3 Provides the ifpdf switch (HO)
Package ifpdf Info: pdfTeX in PDF mode is detected.
)
(/usr/share/texlive/texmf-dist/tex/generic/oberdiek/ifvtex.sty
Package: ifvtex 2010/03/01 v1.5 Detect VTeX and its facilities (HO)
Package ifvtex Info: VTeX not detected.
)
(/usr/share/texlive/texmf-dist/tex/generic/ifxetex/ifxetex.sty
Package: ifxetex 2010/09/12 v0.6 Provides ifxetex conditional
)
\Gm@cnth=\count139
\Gm@cntv=\count140
\c@Gm@tempcnt=\count141
\Gm@bindingoffset=\dimen167
\Gm@wd@mp=\dimen168
\Gm@odd@mp=\dimen169
\Gm@even@mp=\dimen170
\Gm@layoutwidth=\dimen171
\Gm@layoutheight=\dimen172
\Gm@layouthoffset=\dimen173
\Gm@layoutvoffset=\dimen174
\Gm@dimlist=\toks40
)
(/usr/share/texlive/texmf-dist/tex/latex/caption/caption.sty
Package: caption 2016/02/21 v3.3-144 Customizing captions (AR)

(/usr/share/texlive/texmf-dist/tex/latex/caption/caption3.sty
Package: caption3 2016/02/04 v1.7-139 caption3 kernel (AR)
Package caption3 Info: TeX engine: e-TeX on input line 67.
\captionmargin=\dimen175
\captionmargin@=\dimen176
\captionwidth=\dimen177
\caption@tempdima=\dimen178
\caption@indent=\dimen179
\caption@parindent=\dimen180
\caption@hangindent=\dimen181
)
\c@ContinuedFloat=\count142
Package caption Info: listings package is loaded.
)
(/usr/share/texlive/texmf-dist/tex/latex/caption/subcaption.sty
Package: subcaption 2016/02/20 v1.1-142 Sub-captions (AR)
\c@subfigure=\count143
\c@subtable=\count144
)
(/usr/share/texlive/texmf-dist/tex/latex/float/float.sty
Package: float 2001/11/08 v1.3d Float enhancements (AL)
\c@float@type=\count145
\float@exts=\toks41
\float@box=\box41
\@float@everytoks=\toks42
\@floatcapt=\box42
)
(/usr/share/texlive/texmf-dist/tex/latex/footmisc/footmisc.sty
Package: footmisc 2011/06/06 v5.5b a miscellany of footnote facilities
\FN@temptoken=\toks43
\footnotemargin=\dimen182


LaTeX Warning: Command \@makecol  has changed.
               Check if current package is valid.

\c@pp@next@reset=\count146
Package footmisc Info: Declaring symbol style bringhurst on input line 855.
Package footmisc Info: Declaring symbol style chicago on input line 863.
Package footmisc Info: Declaring symbol style wiley on input line 872.
Package footmisc Info: Declaring symbol style lamport-robust on input line 883.

Package footmisc Info: Declaring symbol style lamport* on input line 903.
Package footmisc Info: Declaring symbol style lamport*-robust on input line 924
.
) (/usr/share/texlive/texmf-dist/tex/latex/diagbox/diagbox.sty
Package: diagbox 2016/02/24 v2.1 Making table heads with diagonal lines

(/usr/share/texlive/texmf-dist/tex/latex/pict2e/pict2e.sty
Package: pict2e 2016/02/05 v0.3b Improved picture commands (HjG,RN,JT)

(/usr/share/texlive/texmf-dist/tex/latex/pict2e/pict2e.cfg
File: pict2e.cfg 2016/02/05 v0.1u pict2e configuration for teTeX/TeXLive
)
Package pict2e Info: Driver file: pdftex.def on input line 119.
Package pict2e Info: Driver file for pict2e: p2e-pdftex.def on input line 121.

(/usr/share/texlive/texmf-dist/tex/latex/pict2e/p2e-pdftex.def
File: p2e-pdftex.def 2016/02/05 v0.1u Driver-dependant file (RN,HjG,JT)
)
\pIIe@GRAPH=\toks44
\@arclen=\dimen183
\@arcrad=\dimen184
\@tempdimd=\dimen185
)
(/usr/share/texlive/texmf-dist/tex/latex/fp/fp.sty
Package: fp 1995/04/02

`Fixed Point Package', Version 0.8, April 2, 1995 (C) Michael Mehlich
(/usr/share/texlive/texmf-dist/tex/latex/fp/defpattern.sty
Package: defpattern 1994/10/12
\actioncount=\count147
)
(/usr/share/texlive/texmf-dist/tex/latex/fp/fp-basic.sty
Package: fp-basic 1996/05/13
\FP@xs=\count148
\FP@xia=\count149
\FP@xib=\count150
\FP@xfa=\count151
\FP@xfb=\count152
\FP@rega=\count153
\FP@regb=\count154
\FP@regs=\count155
\FP@times=\count156
)
(/usr/share/texlive/texmf-dist/tex/latex/fp/fp-addons.sty
Package: fp-addons 1995/03/15
)
(/usr/share/texlive/texmf-dist/tex/latex/fp/fp-snap.sty
Package: fp-snap 1995/04/05
)
(/usr/share/texlive/texmf-dist/tex/latex/fp/fp-exp.sty
Package: fp-exp 1995/04/03
)
(/usr/share/texlive/texmf-dist/tex/latex/fp/fp-trigo.sty
Package: fp-trigo 1995/04/14
)
(/usr/share/texlive/texmf-dist/tex/latex/fp/fp-pas.sty
Package: fp-pas 1994/08/29
)
(/usr/share/texlive/texmf-dist/tex/latex/fp/fp-random.sty
Package: fp-random 1995/02/23
\FPseed=\count157
)
(/usr/share/texlive/texmf-dist/tex/latex/fp/fp-eqn.sty
Package: fp-eqn 1995/04/03
)
(/usr/share/texlive/texmf-dist/tex/latex/fp/fp-upn.sty
Package: fp-upn 1996/10/21
)
(/usr/share/texlive/texmf-dist/tex/latex/fp/fp-eval.sty
Package: fp-eval 1995/04/03
))
(/usr/share/texlive/texmf-dist/tex/latex/tools/array.sty
Package: array 2014/10/28 v2.4c Tabular extension package (FMi)
\col@sep=\dimen186
\extrarowheight=\dimen187
\NC@list=\toks45
\extratabsurround=\skip58
\backup@length=\skip59
)
\diagbox@boxa=\box43
\diagbox@boxb=\box44
\diagbox@boxm=\box45
\diagbox@wd=\dimen188
\diagbox@ht=\dimen189
\diagbox@insepl=\dimen190
\diagbox@insepr=\dimen191
\diagbox@outsepl=\dimen192
\diagbox@outsepr=\dimen193
)
(/usr/share/texlive/texmf-dist/tex/latex/was/gensymb.sty
Package: gensymb 2003/07/02 v1.0 (WaS)
)
(/usr/share/texlive/texmf-dist/tex/latex/psnfss/mathpazo.sty
Package: mathpazo 2005/04/12 PSNFSS-v9.2a Palatino w/ Pazo Math (D.Puga, WaS) 
\symupright=\mathgroup6
)
(/usr/share/texlive/texmf-dist/tex/latex/wrapfig/wrapfig.sty
\wrapoverhang=\dimen194
\WF@size=\dimen195
\c@WF@wrappedlines=\count158
\WF@box=\box46
\WF@everypar=\toks46
Package: wrapfig 2003/01/31  v 3.6
)
(/usr/share/texlive/texmf-dist/tex/latex/graphics/lscape.sty
Package: lscape 2000/10/22 v3.01 Landscape Pages (DPC)
)
(/usr/share/texlive/texmf-dist/tex/latex/rotating/rotating.sty
Package: rotating 2009/03/28 v2.16a rotated objects in LaTeX
\c@r@tfl@t=\count159
\rotFPtop=\skip60
\rotFPbot=\skip61
\rot@float@box=\box47
\rot@mess@toks=\toks47
)
(/usr/share/texlive/texmf-dist/tex/latex/oberdiek/epstopdf.sty
Package: epstopdf 2010/02/09 v2.5 Conversion with epstopdf on the fly (HO)

(/usr/share/texlive/texmf-dist/tex/latex/oberdiek/epstopdf-base.sty
Package: epstopdf-base 2010/02/09 v2.5 Base part for package epstopdf

(/usr/share/texlive/texmf-dist/tex/latex/oberdiek/grfext.sty
Package: grfext 2010/08/19 v1.1 Manage graphics extensions (HO)

(/usr/share/texlive/texmf-dist/tex/generic/oberdiek/kvdefinekeys.sty
Package: kvdefinekeys 2011/04/07 v1.3 Define keys (HO)
))
(/usr/share/texlive/texmf-dist/tex/latex/oberdiek/kvoptions.sty
Package: kvoptions 2011/06/30 v3.11 Key value format for package options (HO)

(/usr/share/texlive/texmf-dist/tex/generic/oberdiek/kvsetkeys.sty
Package: kvsetkeys 2012/04/25 v1.16 Key value parser (HO)

(/usr/share/texlive/texmf-dist/tex/generic/oberdiek/etexcmds.sty
Package: etexcmds 2011/02/16 v1.5 Avoid name clashes with e-TeX commands (HO)

(/usr/share/texlive/texmf-dist/tex/generic/oberdiek/ifluatex.sty
Package: ifluatex 2010/03/01 v1.3 Provides the ifluatex switch (HO)
Package ifluatex Info: LuaTeX not detected.
)
Package etexcmds Info: Could not find \expanded.
(etexcmds)             That can mean that you are not using pdfTeX 1.50 or
(etexcmds)             that some package has redefined \expanded.
(etexcmds)             In the latter case, load this package earlier.
)))
(/usr/share/texlive/texmf-dist/tex/generic/oberdiek/pdftexcmds.sty
Package: pdftexcmds 2011/11/29 v0.20 Utility functions of pdfTeX for LuaTeX (HO
)
Package pdftexcmds Info: LuaTeX not detected.
Package pdftexcmds Info: \pdf@primitive is available.
Package pdftexcmds Info: \pdf@ifprimitive is available.
Package pdftexcmds Info: \pdfdraftmode found.
)
Package grfext Info: Graphics extension search list:
(grfext)             [.png,.pdf,.jpg,.mps,.jpeg,.jbig2,.jb2,.PNG,.PDF,.JPG,.JPE
G,.JBIG2,.JB2,.eps]
(grfext)             \AppendGraphicsExtensions on input line 452.

(/usr/share/texlive/texmf-dist/tex/latex/latexconfig/epstopdf-sys.cfg
File: epstopdf-sys.cfg 2010/07/13 v1.3 Configuration of (r)epstopdf for TeX Liv
e
)))
(/usr/share/texlive/texmf-dist/tex/latex/natbib/natbib.sty
Package: natbib 2010/09/13 8.31b (PWD, AO)
\bibhang=\skip62
\bibsep=\skip63
LaTeX Info: Redefining \cite on input line 694.
\c@NAT@ctr=\count160
)
(/usr/share/texlive/texmf-dist/tex/latex/listings/lstlang1.sty
File: lstlang1.sty 2015/06/04 1.6 listings language file
)
(/usr/share/texlive/texmf-dist/tex/latex/listings/lstmisc.sty
File: lstmisc.sty 2015/06/04 1.6 (Carsten Heinz)
) (./main.aux)
\openout1 = `main.aux'.

LaTeX Font Info:    Checking defaults for OML/cmm/m/it on input line 128.
LaTeX Font Info:    ... okay on input line 128.
LaTeX Font Info:    Checking defaults for T1/cmr/m/n on input line 128.
LaTeX Font Info:    ... okay on input line 128.
LaTeX Font Info:    Checking defaults for OT1/cmr/m/n on input line 128.
LaTeX Font Info:    ... okay on input line 128.
LaTeX Font Info:    Checking defaults for OMS/cmsy/m/n on input line 128.
LaTeX Font Info:    ... okay on input line 128.
LaTeX Font Info:    Checking defaults for OMX/cmex/m/n on input line 128.
LaTeX Font Info:    ... okay on input line 128.
LaTeX Font Info:    Checking defaults for U/cmr/m/n on input line 128.
LaTeX Font Info:    ... okay on input line 128.
LaTeX Font Info:    Try loading font information for OT1+ppl on input line 128.


(/usr/share/texlive/texmf-dist/tex/latex/psnfss/ot1ppl.fd
File: ot1ppl.fd 2001/06/04 font definitions for OT1/ppl.
)
(/usr/share/texlive/texmf-dist/tex/latex/ucs/ucsencs.def
File: ucsencs.def 2011/01/21 Fixes to fontencodings LGR, T3
)
(/usr/share/texlive/texmf-dist/tex/context/base/supp-pdf.mkii
[Loading MPS to PDF converter (version 2006.09.02).]
\scratchcounter=\count161
\scratchdimen=\dimen196
\scratchbox=\box48
\nofMPsegments=\count162
\nofMParguments=\count163
\everyMPshowfont=\toks48
\MPscratchCnt=\count164
\MPscratchDim=\dimen197
\MPnumerator=\count165
\makeMPintoPDFobject=\count166
\everyMPtoPDFconversion=\toks49
) ABD: EveryShipout initializing macros
\c@lstlisting=\count167

*geometry* driver: auto-detecting
*geometry* detected driver: pdftex
*geometry* verbose mode - [ preamble ] result:
* driver: pdftex
* paper: a4paper
* layout: <same size as paper>
* layoutoffset:(h,v)=(0.0pt,0.0pt)
* modes: 
* h-part:(L,W,R)=(89.62709pt, 418.25368pt, 89.6271pt)
* v-part:(T,H,B)=(101.40665pt, 591.5302pt, 152.11pt)
* \paperwidth=597.50787pt
* \paperheight=845.04684pt
* \textwidth=418.25368pt
* \textheight=591.5302pt
* \oddsidemargin=17.3571pt
* \evensidemargin=17.3571pt
* \topmargin=-7.86334pt
* \headheight=12.0pt
* \headsep=25.0pt
* \topskip=12.0pt
* \footskip=30.0pt
* \marginparwidth=35.0pt
* \marginparsep=10.0pt
* \columnsep=10.0pt
* \skip\footins=10.8pt plus 4.0pt minus 2.0pt
* \hoffset=0.0pt
* \voffset=0.0pt
* \mag=1000
* \@twocolumnfalse
* \@twosidefalse
* \@mparswitchfalse
* \@reversemarginfalse
* (1in=72.27pt=25.4mm, 1cm=28.453pt)

Package caption Info: Begin \AtBeginDocument code.
Package caption Info: float package is loaded.
Package caption Info: rotating package is loaded.
Package caption Info: wrapfig package is loaded.
Package caption Info: End \AtBeginDocument code.
LaTeX Info: Redefining \celsius on input line 128.
Package gensymb Info: Faking symbols for \degree and \celsius on input line 128
.

Package gensymb Warning: Not defining \perthousand.

LaTeX Info: Redefining \ohm on input line 128.
Package gensymb Info: Using \upOmega for \ohm on input line 128.

Package gensymb Warning: Not defining \micro.

LaTeX Font Info:    Try loading font information for OML+zplm on input line 144
.
(/usr/share/texlive/texmf-dist/tex/latex/psnfss/omlzplm.fd
File: omlzplm.fd 2002/09/08 Fontinst v1.914 font definitions for OML/zplm.
)
LaTeX Font Info:    Try loading font information for OMS+zplm on input line 144
.

(/usr/share/texlive/texmf-dist/tex/latex/psnfss/omszplm.fd
File: omszplm.fd 2002/09/08 Fontinst v1.914 font definitions for OMS/zplm.
)
LaTeX Font Info:    Try loading font information for OMX+zplm on input line 144
.

(/usr/share/texlive/texmf-dist/tex/latex/psnfss/omxzplm.fd
File: omxzplm.fd 2002/09/08 Fontinst v1.914 font definitions for OMX/zplm.
)
LaTeX Font Info:    Font shape `U/msa/m/n' will be
(Font)              scaled to size 12.50409pt on input line 144.
LaTeX Font Info:    Font shape `U/msa/m/n' will be
(Font)              scaled to size 9.37807pt on input line 144.
LaTeX Font Info:    Font shape `U/msa/m/n' will be
(Font)              scaled to size 7.29405pt on input line 144.
LaTeX Font Info:    Font shape `U/msb/m/n' will be
(Font)              scaled to size 12.50409pt on input line 144.
LaTeX Font Info:    Font shape `U/msb/m/n' will be
(Font)              scaled to size 9.37807pt on input line 144.
LaTeX Font Info:    Font shape `U/msb/m/n' will be
(Font)              scaled to size 7.29405pt on input line 144.
LaTeX Font Info:    Try loading font information for OT1+zplm on input line 144
.

(/usr/share/texlive/texmf-dist/tex/latex/psnfss/ot1zplm.fd
File: ot1zplm.fd 2002/09/08 Fontinst v1.914 font definitions for OT1/zplm.
)
LaTeX Font Info:    Font shape `OT1/ppl/bx/n' in size <24.88> not available
(Font)              Font shape `OT1/ppl/b/n' tried instead on input line 167.
 [1

{/var/lib/texmf/fonts/map/pdftex/updmap/pdftex.map}]

Package Fancyhdr Warning: \headheight is too small (12.0pt): 
 Make it at least 14.49998pt.
 We now make it that large for the rest of the document.
 This may cause the page layout to be inconsistent, however.

[1] (./main.toc
LaTeX Font Info:    Font shape `OT1/ppl/bx/n' in size <20.74> not available
(Font)              Font shape `OT1/ppl/b/n' tried instead on input line 2.
LaTeX Font Info:    Font shape `U/msa/m/n' will be
(Font)              scaled to size 21.61124pt on input line 3.
LaTeX Font Info:    Font shape `U/msa/m/n' will be
(Font)              scaled to size 15.0049pt on input line 3.
LaTeX Font Info:    Font shape `U/msb/m/n' will be
(Font)              scaled to size 21.61124pt on input line 3.
LaTeX Font Info:    Font shape `U/msb/m/n' will be
(Font)              scaled to size 15.0049pt on input line 3.

Overfull \hbox (10.14908pt too wide) in paragraph at lines 7--7
 [][] []\OT1/ppl/m/n/20.74 Augmented Re-al-ity Vi-su- 
 []


Overfull \hbox (0.31804pt too wide) in paragraph at lines 13--13
 [][] []\OT1/ppl/m/n/20.74 Simultaneous Lo-cal-iza-tion And 
 []


Overfull \hbox (15.72862pt too wide) in paragraph at lines 20--20
 [][] []\OT1/ppl/m/n/20.74 Head Mounted Dis-play and Con- 
 []

[2

]
Overfull \hbox (10.14908pt too wide) in paragraph at lines 26--26
 [][] []\OT1/ppl/m/n/20.74 Augmented Re-al-ity Vi-su- 
 []


Overfull \hbox (8.65648pt too wide) in paragraph at lines 27--27
 [][] []\OT1/ppl/m/n/20.74 Gaze/Eye-Tracking Con- 
 []


Overfull \hbox (18.07321pt too wide) in paragraph at lines 36--36
 [][] []\OT1/ppl/m/n/20.74 Hardware Ac-cess and Ad- 
 []


Overfull \hbox (0.29688pt too wide) in paragraph at lines 37--37
 [][] []\OT1/ppl/m/n/20.74 Augmented Re-al-ity Wheelchair 
 []


Overfull \hbox (11.4563pt too wide) in paragraph at lines 41--41
 [][] []\OT1/ppl/m/n/20.74 Testing Pre-Trained Mod- 
 []


Package Fancyhdr Warning: \headheight is too small (12.0pt): 
 Make it at least 14.49998pt.
 We now make it that large for the rest of the document.
 This may cause the page layout to be inconsistent, however.

[3]
Overfull \hbox (20.3948pt too wide) in paragraph at lines 54--54
 [][] []\OT1/ppl/m/n/20.74 Testing with Pre-Recorded 
 []


Package Fancyhdr Warning: \headheight is too small (12.0pt): 
 Make it at least 14.49998pt.
 We now make it that large for the rest of the document.
 This may cause the page layout to be inconsistent, however.

[4]
Overfull \hbox (11.02025pt too wide) in paragraph at lines 65--65
 [][] []\OT1/ppl/m/n/20.74 Recording Peo-ple for Test 
 []

)
\tf@toc=\write4
\openout4 = `main.toc'.



Package Fancyhdr Warning: \headheight is too small (12.0pt): 
 Make it at least 14.49998pt.
 We now make it that large for the rest of the document.
 This may cause the page layout to be inconsistent, however.

[5]
Chapter 1.
LaTeX Font Info:    Font shape `OT1/ppl/bx/n' in size <17.28> not available
(Font)              Font shape `OT1/ppl/b/n' tried instead on input line 230.

Overfull \hbox (59.90154pt too wide) in paragraph at lines 234--235
\OT1/ppl/m/n/20.74 that there were ap-prox-i-mately 3.6 mil-lion wheelchair
 []


Overfull \hbox (4.54742pt too wide) in paragraph at lines 234--235
\OT1/ppl/m/n/20.74 cord-ing to a re-port ex-am-in-ing the re-cent trends
 []


Overfull \hbox (8.57166pt too wide) in paragraph at lines 234--235
\OT1/ppl/m/n/20.74 amongst adults aged 65 and older in the United
 []


Overfull \hbox (9.02682pt too wide) in paragraph at lines 234--235
\OT1/ppl/m/n/20.74 States, the num-ber of el-derly adults is pro-jected
 []


Overfull \hbox (1.85118pt too wide) in paragraph at lines 234--235
\OT1/ppl/m/n/20.74 pectancy stem-ming from bet-ter health-care and
 []


Overfull \hbox (30.43059pt too wide) in paragraph at lines 234--235
\OT1/ppl/m/n/20.74 a re-duc-tion in mor-tal-ity rate at older ages (Mather
 []


Overfull \hbox (2.22346pt too wide) in paragraph at lines 234--235
\OT1/ppl/m/n/20.74 pop-u-la-tion, it is likely that the num-ber of pow-
 []

[6

]
Overfull \hbox (23.21344pt too wide) in paragraph at lines 236--237
\OT1/ppl/m/n/20.74 the prob-lems faced by pow-ered wheelchair users
 []


Overfull \hbox (26.73833pt too wide) in paragraph at lines 236--237
\OT1/ppl/m/n/20.74 in-tel-li-gent wheelchairs has been pro-posed. These
 []


Package Fancyhdr Warning: \headheight is too small (12.0pt): 
 Make it at least 14.49998pt.
 We now make it that large for the rest of the document.
 This may cause the page layout to be inconsistent, however.

[7]
Overfull \hbox (8.40504pt too wide) in paragraph at lines 240--241
\OT1/ppl/m/n/20.74 smart sys-tem that would fur-ther ben-e-fit PWUs,
 []


Overfull \hbox (18.65071pt too wide) in paragraph at lines 240--241
\OT1/ppl/m/n/20.74 eas and rec-og-niz-ing lo-ca-tions that are fre-quently
 []


Overfull \hbox (2.03712pt too wide) in paragraph at lines 240--241
\OT1/ppl/m/n/20.74 can also be uti-lized to dis-play the in-ter-nal state
 []


Package Fancyhdr Warning: \headheight is too small (12.0pt): 
 Make it at least 14.49998pt.
 We now make it that large for the rest of the document.
 This may cause the page layout to be inconsistent, however.

[8]
Overfull \hbox (10.18878pt too wide) in paragraph at lines 243--244
\OT1/ppl/m/n/20.74 users to more eas-ily con-duct rou-tine tasks, such
 []


Overfull \hbox (1.56137pt too wide) in paragraph at lines 245--246
\OT1/ppl/m/n/20.74 Per-sonal Robotics Lab. The hard-ware in-cludes
 []


Package Fancyhdr Warning: \headheight is too small (12.0pt): 
 Make it at least 14.49998pt.
 We now make it that large for the rest of the document.
 This may cause the page layout to be inconsistent, however.

[9]
LaTeX Font Info:    Try loading font information for OMS+ppl on input line 248.

 (/usr/share/texlive/texmf-dist/tex/latex/psnfss/omsppl.fd
File: omsppl.fd 
)
LaTeX Font Info:    Font shape `OMS/ppl/m/n' in size <20.74> not available
(Font)              Font shape `OMS/cmsy/m/n' tried instead on input line 248.
LaTeX Font Info:    Font shape `OT1/ppl/bx/n' in size <14.4> not available
(Font)              Font shape `OT1/ppl/b/n' tried instead on input line 254.


Package Fancyhdr Warning: \headheight is too small (12.0pt): 
 Make it at least 14.49998pt.
 We now make it that large for the rest of the document.
 This may cause the page layout to be inconsistent, however.

[10]
Overfull \hbox (11.01833pt too wide) in paragraph at lines 257--258
\OT1/ppl/m/n/20.74 set that can be worn by the pow-ered wheelchair
 []


Overfull \hbox (0.48218pt too wide) in paragraph at lines 257--258
\OT1/ppl/m/n/20.74 tracker ad-don. An in-ter-est-ing con-cept that can
 []


Overfull \hbox (31.73701pt too wide) in paragraph at lines 260--261
\OT1/ppl/m/n/20.74 of the sys-tem con-trol-ling the pow-ered wheelchair.
 []


Overfull \hbox (2.84685pt too wide) in paragraph at lines 260--261
\OT1/ppl/m/n/20.74 be ren-dered on the Hololens, al-low-ing the user
 []


Package Fancyhdr Warning: \headheight is too small (12.0pt): 
 Make it at least 14.49998pt.
 We now make it that large for the rest of the document.
 This may cause the page layout to be inconsistent, however.

[11]
Overfull \hbox (8.48701pt too wide) in paragraph at lines 262--263
[]\OT1/ppl/m/n/20.74 Other vi-su-al-iza-tions in-clude high-light-ing mov-
 []


Overfull \hbox (12.74002pt too wide) in paragraph at lines 262--263
\OT1/ppl/m/n/20.74 cause a col-li-sion, the Hololens will flash a warn-
 []


Overfull \hbox (10.45775pt too wide) in paragraph at lines 262--263
\OT1/ppl/m/n/20.74 the at-ten-tion of the user, al-low-ing them to make
 []


Package Fancyhdr Warning: \headheight is too small (12.0pt): 
 Make it at least 14.49998pt.
 We now make it that large for the rest of the document.
 This may cause the page layout to be inconsistent, however.

[12]
Chapter 2.

Overfull \hbox (3.78085pt too wide) in paragraph at lines 269--270
\OT1/ppl/m/n/20.74 crowded ar-eas, a sys-tem must be im-ple-mented
 []


Overfull \hbox (0.29643pt too wide) in paragraph at lines 271--272
\OT1/ppl/m/n/20.74 (2018), is a spe-cial case of Ob-ject De-tec-tion and
 []

[13

]
Overfull \hbox (23.4618pt too wide) in paragraph at lines 273--274
\OT1/ppl/m/n/20.74 ob-ject de-tec-tion for rec-og-niz-ing the scene around
 []

LaTeX Font Info:    Font shape `OT1/ppl/bx/n' in size <12> not available
(Font)              Font shape `OT1/ppl/b/n' tried instead on input line 278.

Overfull \hbox (20.7873pt too wide) in paragraph at lines 278--279
\OT1/ppl/m/n/20.74 In-vari-ant Fea-ture Trans-form (SIFT), which trans-
 []


Package Fancyhdr Warning: \headheight is too small (12.0pt): 
 Make it at least 14.49998pt.
 We now make it that large for the rest of the document.
 This may cause the page layout to be inconsistent, however.

[14]
Overfull \hbox (3.9446pt too wide) in paragraph at lines 282--283
\OT1/ppl/m/n/20.74 ing SIFT is the high com-pu-ta-tional cost of com-
 []


Package Fancyhdr Warning: \headheight is too small (12.0pt): 
 Make it at least 14.49998pt.
 We now make it that large for the rest of the document.
 This may cause the page layout to be inconsistent, however.

[15]
<Images/Literature/YOLO_Architecture.png, id=60, 953.5625pt x 380.42125pt>
File: Images/Literature/YOLO_Architecture.png Graphic file (type png)

<use Images/Literature/YOLO_Architecture.png>
Package pdftex.def Info: Images/Literature/YOLO_Architecture.png used on input 
line 289.
(pdftex.def)             Requested size: 381.41824pt x 152.16579pt.


Package Fancyhdr Warning: \headheight is too small (12.0pt): 
 Make it at least 14.49998pt.
 We now make it that large for the rest of the document.
 This may cause the page layout to be inconsistent, however.

[16 <./Images/Literature/YOLO_Architecture.png>]
Overfull \hbox (0.89592pt too wide) in paragraph at lines 296--297
\OT1/ppl/m/n/20.74 ing the LIRIS Hu-man Ac-tiv-i-ties dataset, which
 []


<Images/Literature/YOLO_Action_Recognition.png, id=66, 574.145pt x 479.7925pt>
File: Images/Literature/YOLO_Action_Recognition.png Graphic file (type png)

<use Images/Literature/YOLO_Action_Recognition.png>
Package pdftex.def Info: Images/Literature/YOLO_Action_Recognition.png used on 
input line 300.
(pdftex.def)             Requested size: 229.65393pt x 191.91359pt.

Overfull \hbox (49.69844pt too wide) in paragraph at lines 305--306
\OT1/ppl/m/n/20.74 ing to-wards the cam-era mounted on the wheelchair,
 []


Overfull \hbox (31.6337pt too wide) in paragraph at lines 305--306
\OT1/ppl/m/n/20.74 in or-der to help with nav-i-gat-ing through crowded
 []


Package Fancyhdr Warning: \headheight is too small (12.0pt): 
 Make it at least 14.49998pt.
 We now make it that large for the rest of the document.
 This may cause the page layout to be inconsistent, however.

[17 <./Images/Literature/YOLO_Action_Recognition.png>]
Overfull \hbox (10.9794pt too wide) in paragraph at lines 308--308
[]\OT1/ppl/b/n/17.28 Simultaneous Lo-cal-iza-tion And Map-ping (SLAM) 
 []


Overfull \hbox (8.03162pt too wide) in paragraph at lines 311--312
\OT1/ppl/m/n/20.74 tive to land-marks which are de-tected. The pop-
 []


Overfull \hbox (0.81319pt too wide) in paragraph at lines 311--312
\OT1/ppl/m/n/20.74 u-lar-ity of SLAM in-creased with the emer-gence
 []


Overfull \hbox (3.11542pt too wide) in paragraph at lines 311--312
\OT1/ppl/m/n/20.74 doors, which rules out the use of GPS to bound
 []


Package Fancyhdr Warning: \headheight is too small (12.0pt): 
 Make it at least 14.49998pt.
 We now make it that large for the rest of the document.
 This may cause the page layout to be inconsistent, however.

[18]
Overfull \hbox (8.65445pt too wide) in paragraph at lines 316--317
\OT1/ppl/m/n/20.74 data re-turned by the sen-sor may af-fect the com-
 []


Overfull \hbox (0.58423pt too wide) in paragraph at lines 316--317
\OT1/ppl/m/n/20.74 pu-ta-tional com-plex-ity of the SLAM al-go-rithm.
 []


Package Fancyhdr Warning: \headheight is too small (12.0pt): 
 Make it at least 14.49998pt.
 We now make it that large for the rest of the document.
 This may cause the page layout to be inconsistent, however.

[19]
Overfull \hbox (40.81963pt too wide) in paragraph at lines 318--319
[]\OT1/ppl/m/n/20.74 A fairly com-mon as-sump-tion in SLAM ap-proaches
 []


Overfull \hbox (21.99007pt too wide) in paragraph at lines 318--319
\OT1/ppl/m/n/20.74 is that the world is static and re-mains un-changed
 []


Overfull \hbox (18.77403pt too wide) in paragraph at lines 318--319
\OT1/ppl/m/n/20.74 achieve the abil-ity to de-tect hu-man ob-jects walk-
 []


Package Fancyhdr Warning: \headheight is too small (12.0pt): 
 Make it at least 14.49998pt.
 We now make it that large for the rest of the document.
 This may cause the page layout to be inconsistent, however.

[20]
Overfull \hbox (20.02765pt too wide) in paragraph at lines 324--325
 \OT1/ppl/b/n/12 Ini-tial-iza-tion[] \OT1/ppl/m/n/20.74 In the ini-tial-iza-tio
n stage, cam-era pose
 []


Overfull \hbox (33.43724pt too wide) in paragraph at lines 324--325
\OT1/ppl/m/n/20.74 part of the ini-tial map us-ing the global co-ordinate
 []


Overfull \hbox (1.16609pt too wide) in paragraph at lines 327--328
\OT1/ppl/m/n/20.74 the Perspective-n-Point prob-lem (Nist[]er 2004).
 []


Package Fancyhdr Warning: \headheight is too small (12.0pt): 
 Make it at least 14.49998pt.
 We now make it that large for the rest of the document.
 This may cause the page layout to be inconsistent, however.

[21]
Overfull \hbox (21.76122pt too wide) in paragraph at lines 330--331
\OT1/ppl/m/n/20.74 vi-ron-ment that has pre-vi-ously not been mapped,
 []


Overfull \hbox (22.23866pt too wide) in paragraph at lines 335--336
\OT1/ppl/m/n/20.74 ters the room again, greatly re-duc-ing the amount
 []


Package Fancyhdr Warning: \headheight is too small (12.0pt): 
 Make it at least 14.49998pt.
 We now make it that large for the rest of the document.
 This may cause the page layout to be inconsistent, however.

[22]
Overfull \hbox (7.74168pt too wide) in paragraph at lines 337--338
\OT1/ppl/m/n/20.74 rec-og-niz-ing in-door scenes, by us-ing im-age pro-
 []


Overfull \hbox (3.65509pt too wide) in paragraph at lines 337--338
\OT1/ppl/m/n/20.74 scenes iden-tity. For in-stance, a li-brary will con-
 []


Overfull \hbox (2.41144pt too wide) in paragraph at lines 342--343
\OT1/ppl/m/n/20.74 The Hololens is equipped with an ar-ray of sen-
 []


Package Fancyhdr Warning: \headheight is too small (12.0pt): 
 Make it at least 14.49998pt.
 We now make it that large for the rest of the document.
 This may cause the page layout to be inconsistent, however.

[23] <Images/Literature/hololens.jpg, id=90, 301.125pt x 188.20313pt>
File: Images/Literature/hololens.jpg Graphic file (type jpg)

<use Images/Literature/hololens.jpg>
Package pdftex.def Info: Images/Literature/hololens.jpg used on input line 346.

(pdftex.def)             Requested size: 120.44786pt x 75.2799pt.


Package Fancyhdr Warning: \headheight is too small (12.0pt): 
 Make it at least 14.49998pt.
 We now make it that large for the rest of the document.
 This may cause the page layout to be inconsistent, however.

[24 <./Images/Literature/hololens.jpg>]
Overfull \hbox (1.78757pt too wide) in paragraph at lines 364--365
[]\OT1/ppl/m/n/20.74 A full tech-ni-cal spec-i-fi-ca-tions for the hard-ware
 []


Overfull \hbox (25.14127pt too wide) in paragraph at lines 370--371
\OT1/ppl/m/n/20.74 tar-get-ing in mixed re-al-ity ap-pli-ca-tions (Mi-crosoft
 []


Overfull \hbox (2.80472pt too wide) in paragraph at lines 370--371
\OT1/ppl/m/n/20.74 al-lows the sys-tem to dis-cern their in-tent. Users
 []


Overfull \hbox (21.07687pt too wide) in paragraph at lines 372--373
\OT1/ppl/m/n/20.74 with a per-son that is ap-proach-ing the wheelchair
 []


Package Fancyhdr Warning: \headheight is too small (12.0pt): 
 Make it at least 14.49998pt.
 We now make it that large for the rest of the document.
 This may cause the page layout to be inconsistent, however.

[25]
Overfull \hbox (3.28183pt too wide) in paragraph at lines 378--379
[]\OT1/ppl/m/n/20.74 Relying on head gaze to es-ti-mate the point that
 []


Overfull \hbox (18.23613pt too wide) in paragraph at lines 378--379
\OT1/ppl/m/n/20.74 van der Meulen et al. (2017), an ex-tra eye-tracker
 []


Overfull \hbox (11.12192pt too wide) in paragraph at lines 378--379
\OT1/ppl/m/n/20.74 It was found that the ad-di-tion of the eye-tracker
 []


Package Fancyhdr Warning: \headheight is too small (12.0pt): 
 Make it at least 14.49998pt.
 We now make it that large for the rest of the document.
 This may cause the page layout to be inconsistent, however.

[26]
Overfull \hbox (2.70201pt too wide) in paragraph at lines 383--384
\OT1/ppl/m/n/20.74 sound that are dis-played by the head-set. Users
 []


Overfull \hbox (5.64636pt too wide) in paragraph at lines 383--384
\OT1/ppl/m/n/20.74 are able to in-ter-act with the holo-grams through
 []


Overfull \hbox (1.6855pt too wide) in paragraph at lines 383--384
\OT1/ppl/m/n/20.74 cur-rent en-vi-ron-ment (Mi-crosoft 2018\OT1/ppl/m/it/20.74 
b\OT1/ppl/m/n/20.74 ). An ex-
 []


Package Fancyhdr Warning: \headheight is too small (12.0pt): 
 Make it at least 14.49998pt.
 We now make it that large for the rest of the document.
 This may cause the page layout to be inconsistent, however.

[27]
Overfull \hbox (8.59267pt too wide) in paragraph at lines 387--388
\OT1/ppl/m/n/20.74 The idea of gaze based con-trol has al-ready been
 []


Overfull \hbox (9.23466pt too wide) in paragraph at lines 387--388
\OT1/ppl/m/n/20.74 ex-plored in the Per-sonal Robotics Lab (Chac[]on-
 []

<Images/Literature/AR_Interface.png, id=104, 564.1075pt x 407.5225pt>
File: Images/Literature/AR_Interface.png Graphic file (type png)

<use Images/Literature/AR_Interface.png>
Package pdftex.def Info: Images/Literature/AR_Interface.png used on input line 
391.
(pdftex.def)             Requested size: 225.63899pt x 163.0061pt.


LaTeX Warning: `!h' float specifier changed to `!ht'.


Overfull \hbox (8.13445pt too wide) in paragraph at lines 403--404
\OT1/ppl/m/n/20.74 cal-cu-lates the 2D co-ordinates of where the per-
 []


Overfull \hbox (29.24828pt too wide) in paragraph at lines 403--404
\OT1/ppl/m/n/20.74 vre the wheelchair, as well as in-ter-act with nearby
 []


Package Fancyhdr Warning: \headheight is too small (12.0pt): 
 Make it at least 14.49998pt.
 We now make it that large for the rest of the document.
 This may cause the page layout to be inconsistent, however.

[28]
<Images/Literature/Eye_Tracker_Control.png, id=108, 506.89375pt x 417.56pt>
File: Images/Literature/Eye_Tracker_Control.png Graphic file (type png)

<use Images/Literature/Eye_Tracker_Control.png>
Package pdftex.def Info: Images/Literature/Eye_Tracker_Control.png used on inpu
t line 407.
(pdftex.def)             Requested size: 202.7539pt x 167.02103pt.


LaTeX Warning: `!h' float specifier changed to `!ht'.


Overfull \hbox (27.02885pt too wide) in paragraph at lines 413--414
\OT1/ppl/m/n/20.74 that ob-ject. To coun-ter-act this prob-lem, W[]astlund
 []


Overfull \hbox (51.54326pt too wide) in paragraph at lines 413--414
\OT1/ppl/m/n/20.74 plays on-screen but-tons that con-trol the wheelchairs
 []


Overfull \hbox (59.50764pt too wide) in paragraph at lines 413--414
\OT1/ppl/m/n/20.74 move-ments. The sys-tem also stopped the wheelchair
 []


Package Fancyhdr Warning: \headheight is too small (12.0pt): 
 Make it at least 14.49998pt.
 We now make it that large for the rest of the document.
 This may cause the page layout to be inconsistent, however.

[29 <./Images/Literature/AR_Interface.png>]
<Images/Literature/Wastlund_AR_Screen.png, id=113, 483.8075pt x 345.29pt>
File: Images/Literature/Wastlund_AR_Screen.png Graphic file (type png)

<use Images/Literature/Wastlund_AR_Screen.png>
Package pdftex.def Info: Images/Literature/Wastlund_AR_Screen.png used on input
 line 417.
(pdftex.def)             Requested size: 193.51956pt x 138.11354pt.


LaTeX Warning: `!h' float specifier changed to `!ht'.


Overfull \hbox (43.89053pt too wide) in paragraph at lines 422--423
[]\OT1/ppl/m/n/20.74 A sim-i-lar idea was pro-posed by Arai & Mardiyanto
 []


Overfull \hbox (55.25569pt too wide) in paragraph at lines 422--423
\OT1/ppl/m/n/20.74 an in-vis-i-ble con-trol panel sim-i-lar to that of W[]astlu
nd
 []


Overfull \hbox (23.79446pt too wide) in paragraph at lines 422--423
\OT1/ppl/m/n/20.74 was re-quired be-fore the wheelchair would move. 
 []


Package Fancyhdr Warning: \headheight is too small (12.0pt): 
 Make it at least 14.49998pt.
 We now make it that large for the rest of the document.
 This may cause the page layout to be inconsistent, however.

[30 <./Images/Literature/Eye_Tracker_Control.png>]
Overfull \hbox (7.1412pt too wide) in paragraph at lines 424--425
[]\OT1/ppl/m/n/20.74 Raymond et al. (2018) pro-poses a sys-tem which
 []


Overfull \hbox (69.52563pt too wide) in paragraph at lines 424--425
\OT1/ppl/m/n/20.74 trol the wheelchair as pro-posed by Arai & Mardiyanto
 []


Package Fancyhdr Warning: \headheight is too small (12.0pt): 
 Make it at least 14.49998pt.
 We now make it that large for the rest of the document.
 This may cause the page layout to be inconsistent, however.

[31 <./Images/Literature/Wastlund_AR_Screen.png>]
Chapter 3.

Overfull \hbox (4.46317pt too wide) in paragraph at lines 432--433
\OT1/ppl/m/n/20.74 mounted AR de-vice or through the sys-tem tak-
 []

[32

]
Overfull \hbox (23.81572pt too wide) in paragraph at lines 437--438
\OT1/ppl/m/n/20.74 anal-y-sis of any cam-eras, sen-sors and other pieces
 []


Package Fancyhdr Warning: \headheight is too small (12.0pt): 
 Make it at least 14.49998pt.
 We now make it that large for the rest of the document.
 This may cause the page layout to be inconsistent, however.

[33]
Overfull \hbox (19.64648pt too wide) in paragraph at lines 440--441
\OT1/ppl/m/n/20.74 used for sev-eral other re-search projects (Chac[]on-
 []


Overfull \hbox (2.24606pt too wide) in paragraph at lines 440--441
\OT1/ppl/m/n/20.74 and shared con-trol method-olo-gies.In ad-di-tion,
 []


Overfull \hbox (49.5948pt too wide) in paragraph at lines 440--441
\OT1/ppl/m/n/20.74 Quesada & Demiris (2018) also uti-lizes the Hololens
 []


Overfull \hbox (0.39989pt too wide) in paragraph at lines 440--441
\OT1/ppl/m/n/20.74 cam-era to cap-ture im-ages of the sur-round-ings,
 []


Overfull \hbox (10.27089pt too wide) in paragraph at lines 442--443
[]\OT1/ppl/m/n/20.74 Further in-ves-ti-ga-tion into the sen-sors and other
 []


Overfull \hbox (1.70634pt too wide) in paragraph at lines 442--443
\OT1/ppl/m/n/20.74 con-ducted, by ask-ing mem-bers of the Per-sonal
 []


Overfull \hbox (54.07425pt too wide) in paragraph at lines 442--443
\OT1/ppl/m/n/20.74 Robotics Lab who have worked with the wheelchair.
 []


Overfull \hbox (8.90324pt too wide) in paragraph at lines 442--443
\OT1/ppl/m/n/20.74 sors can be mounted on ARTA, should the need
 []


Package Fancyhdr Warning: \headheight is too small (12.0pt): 
 Make it at least 14.49998pt.
 We now make it that large for the rest of the document.
 This may cause the page layout to be inconsistent, however.

[34]

Package Fancyhdr Warning: \headheight is too small (12.0pt): 
 Make it at least 14.49998pt.
 We now make it that large for the rest of the document.
 This may cause the page layout to be inconsistent, however.

[35]
Overfull \hbox (30.16096pt too wide) in paragraph at lines 454--455
\OT1/ppl/m/n/20.74 analysing the sen-sors avail-able on the wheelchair,
 []


Package Fancyhdr Warning: \headheight is too small (12.0pt): 
 Make it at least 14.49998pt.
 We now make it that large for the rest of the document.
 This may cause the page layout to be inconsistent, however.

[36]
Overfull \hbox (16.67978pt too wide) in paragraph at lines 458--459
\OT1/ppl/m/n/20.74 and the sys-tem will rec-og-nize the in-tent to move
 []


Overfull \hbox (6.00018pt too wide) in paragraph at lines 461--462
\OT1/ppl/m/n/20.74 Op-er-at-ing Sys-tem (ROS), which runs on a stan-
 []


Package Fancyhdr Warning: \headheight is too small (12.0pt): 
 Make it at least 14.49998pt.
 We now make it that large for the rest of the document.
 This may cause the page layout to be inconsistent, however.

[37]
Overfull \hbox (9.89827pt too wide) in paragraph at lines 464--465
\OT1/ppl/m/n/20.74 cific point and nav-i-gate the wheelchair to-wards
 []


Overfull \hbox (5.04445pt too wide) in paragraph at lines 464--465
\OT1/ppl/m/n/20.74 need to be im-ple-mented. Us-ing the eye-tracker
 []


Overfull \hbox (1.10489pt too wide) in paragraph at lines 464--465
\OT1/ppl/m/n/20.74 noted that head-gaze can be used to de-ter-mine
 []


Package Fancyhdr Warning: \headheight is too small (12.0pt): 
 Make it at least 14.49998pt.
 We now make it that large for the rest of the document.
 This may cause the page layout to be inconsistent, however.

[38]
Overfull \hbox (28.15028pt too wide) in paragraph at lines 467--468
\OT1/ppl/m/n/20.74 Previous re-search by Chac[]on-Quesada & Demiris
 []


Overfull \hbox (31.84091pt too wide) in paragraph at lines 467--468
\OT1/ppl/m/n/20.74 pro-cess-ing on a re-mote com-puter. For this project,
 []


Overfull \hbox (11.08043pt too wide) in paragraph at lines 467--468
\OT1/ppl/m/n/20.74 de-tect the hu-man in the im-age, and us-ing depth
 []


Overfull \hbox (45.1352pt too wide) in paragraph at lines 467--468
\OT1/ppl/m/n/20.74 the per-son is mov-ing closer to-wards the wheelchair
 []


Overfull \hbox (3.92482pt too wide) in paragraph at lines 472--473
\OT1/ppl/m/n/20.74 ca-pa-ble of rec-og-niz-ing peo-ple. How-ever, these
 []


Package Fancyhdr Warning: \headheight is too small (12.0pt): 
 Make it at least 14.49998pt.
 We now make it that large for the rest of the document.
 This may cause the page layout to be inconsistent, however.

[39]
<Images/Implementation/HMD_Trajectory_Hologram.png, id=148, 390.45876pt x 521.9
5pt>
File: Images/Implementation/HMD_Trajectory_Hologram.png Graphic file (type png)

 <use Images/Implementation/HMD_Trajectory_Hologram.png>
Package pdftex.def Info: Images/Implementation/HMD_Trajectory_Hologram.png used
 on input line 479.
(pdftex.def)             Requested size: 209.12683pt x 279.55507pt.

Overfull \hbox (3.30356pt too wide) in paragraph at lines 487--488
\OT1/ppl/m/n/20.74 men-tioned in Sec-tion 3.4[] as well as us-ing range
 []


Overfull \hbox (4.44348pt too wide) in paragraph at lines 487--488
\OT1/ppl/m/n/20.74 find-ers and map-ping tech-niques to pre-vent the
 []


Package Fancyhdr Warning: \headheight is too small (12.0pt): 
 Make it at least 14.49998pt.
 We now make it that large for the rest of the document.
 This may cause the page layout to be inconsistent, however.

[40]
Overfull \hbox (4.1334pt too wide) in paragraph at lines 490--491
\OT1/ppl/m/n/20.74 Previous work by Zolotas et al. (2018) uses var-
 []


Overfull \hbox (16.76312pt too wide) in paragraph at lines 490--491
\OT1/ppl/m/n/20.74 the tra-jec-tory of the wheelchair and ren-der holo-
 []


Package Fancyhdr Warning: \headheight is too small (12.0pt): 
 Make it at least 14.49998pt.
 We now make it that large for the rest of the document.
 This may cause the page layout to be inconsistent, however.

[41 <./Images/Implementation/HMD_Trajectory_Hologram.png>]
Overfull \hbox (20.97354pt too wide) in paragraph at lines 492--493
\OT1/ppl/m/n/20.74 to re-al-ize when to take over from the user should
 []


Overfull \hbox (10.97618pt too wide) in paragraph at lines 495--496
\OT1/ppl/m/n/20.74 Utilizing the dis-play on the Mi-crosoft Hololens,
 []


Package Fancyhdr Warning: \headheight is too small (12.0pt): 
 Make it at least 14.49998pt.
 We now make it that large for the rest of the document.
 This may cause the page layout to be inconsistent, however.

[42]
<Images/Implementation/AR_Hologram_Render.png, id=160, 638.385pt x 481.8pt>
File: Images/Implementation/AR_Hologram_Render.png Graphic file (type png)

<use Images/Implementation/AR_Hologram_Render.png>
Package pdftex.def Info: Images/Implementation/AR_Hologram_Render.png used on i
nput line 501.
(pdftex.def)             Requested size: 230.04079pt x 173.61694pt.

Overfull \hbox (34.6619pt too wide) in paragraph at lines 507--508
\OT1/ppl/m/n/20.74 will be ren-dered on the Mi-crosoft Hololens screen.
 []


Package Fancyhdr Warning: \headheight is too small (12.0pt): 
 Make it at least 14.49998pt.
 We now make it that large for the rest of the document.
 This may cause the page layout to be inconsistent, however.

[43 <./Images/Implementation/AR_Hologram_Render.png>]
Overfull \hbox (17.57147pt too wide) in paragraph at lines 516--517
\OT1/ppl/m/n/20.74 the Aug-mented Re-al-ity Wheelchair con-trol (Sec-
 []


Package Fancyhdr Warning: \headheight is too small (12.0pt): 
 Make it at least 14.49998pt.
 We now make it that large for the rest of the document.
 This may cause the page layout to be inconsistent, however.

[44]
Overfull \hbox (7.82326pt too wide) in paragraph at lines 519--520
\OT1/ppl/m/n/20.74 tech-ni-cal im-ple-men-ta-tion de-tails have not been
 []


Overfull \hbox (10.76936pt too wide) in paragraph at lines 522--523
\OT1/ppl/m/n/20.74 many peo-ple. This would re-duce in the amount
 []


Package Fancyhdr Warning: \headheight is too small (12.0pt): 
 Make it at least 14.49998pt.
 We now make it that large for the rest of the document.
 This may cause the page layout to be inconsistent, however.

[45]
Overfull \hbox (1.31184pt too wide) in paragraph at lines 524--525
\OT1/ppl/m/n/20.74 able to map a re-la-tion-ship be-tween ob-jects and
 []


Overfull \hbox (5.95801pt too wide) in paragraph at lines 526--527
\OT1/ppl/m/n/20.74 pre-vi-ously used by Quat-toni & Tor-ralba (2009). 
 []


Package Fancyhdr Warning: \headheight is too small (12.0pt): 
 Make it at least 14.49998pt.
 We now make it that large for the rest of the document.
 This may cause the page layout to be inconsistent, however.

[46]
Overfull \hbox (37.60573pt too wide) in paragraph at lines 531--532
\OT1/ppl/m/n/20.74 the wheelchair con-trol unit run-ning on the Robotic
 []


Overfull \hbox (13.25761pt too wide) in paragraph at lines 531--532
\OT1/ppl/m/n/20.74 con-trol unit when the hu-man de-tec-tor es-ti-mates
 []


Overfull \hbox (5.83272pt too wide) in paragraph at lines 531--532
\OT1/ppl/m/n/20.74 Gaze Es-ti-ma-tion unit will send driv-ing in-struc-
 []


Package Fancyhdr Warning: \headheight is too small (12.0pt): 
 Make it at least 14.49998pt.
 We now make it that large for the rest of the document.
 This may cause the page layout to be inconsistent, however.

[47]
Chapter 4.

Overfull \hbox (13.67386pt too wide) in paragraph at lines 540--541
\OT1/ppl/m/n/20.74 ways around the Im-pe-rial Col-lege Lon-don cam-
 []


Overfull \hbox (5.99902pt too wide) in paragraph at lines 540--541
\OT1/ppl/m/n/20.74 tions a wheelchair user may visit. These videos
 []

[48

]
Overfull \hbox (20.2893pt too wide) in paragraph at lines 542--543
[]\OT1/ppl/m/n/20.74 The rea-son-ing be-hind us-ing pre-recorded videos
 []


Overfull \hbox (7.59639pt too wide) in paragraph at lines 542--543
\OT1/ppl/m/n/20.74 net-work onto the on-board Linux com-puter and
 []


<Images/Evaluation/HumanDetection/IMG_4071.jpg, id=181, 2023.56pt x 1517.67pt>
File: Images/Evaluation/HumanDetection/IMG_4071.jpg Graphic file (type jpg)

<use Images/Evaluation/HumanDetection/IMG_4071.jpg>
Package pdftex.def Info: Images/Evaluation/HumanDetection/IMG_4071.jpg used on 
input line 547.
(pdftex.def)             Requested size: 167.3021pt x 125.46869pt.

<Images/Evaluation/HumanDetection/IMG_4077.jpg, id=182, 2023.56pt x 1517.67pt>
File: Images/Evaluation/HumanDetection/IMG_4077.jpg Graphic file (type jpg)

<use Images/Evaluation/HumanDetection/IMG_4077.jpg>
Package pdftex.def Info: Images/Evaluation/HumanDetection/IMG_4077.jpg used on 
input line 553.
(pdftex.def)             Requested size: 167.3021pt x 125.46869pt.

Underfull \hbox (badness 10000) in paragraph at lines 545--556
[][]
 []


<Images/Evaluation/HumanDetection/IMG_4080.jpg, id=183, 2023.56pt x 1517.67pt>
File: Images/Evaluation/HumanDetection/IMG_4080.jpg Graphic file (type jpg)

<use Images/Evaluation/HumanDetection/IMG_4080.jpg>
Package pdftex.def Info: Images/Evaluation/HumanDetection/IMG_4080.jpg used on 
input line 561.
(pdftex.def)             Requested size: 167.3021pt x 125.46869pt.

<Images/Evaluation/HumanDetection/IMG_4079.jpg, id=184, 2023.56pt x 1517.67pt>
File: Images/Evaluation/HumanDetection/IMG_4079.jpg Graphic file (type jpg)

<use Images/Evaluation/HumanDetection/IMG_4079.jpg>
Package pdftex.def Info: Images/Evaluation/HumanDetection/IMG_4079.jpg used on 
input line 567.
(pdftex.def)             Requested size: 167.3021pt x 125.46869pt.

Underfull \hbox (badness 10000) in paragraph at lines 559--570
[][]
 []


LaTeX Warning: Float too large for page by 24.90619pt on input line 575.


Package Fancyhdr Warning: \headheight is too small (12.0pt): 
 Make it at least 14.49998pt.
 We now make it that large for the rest of the document.
 This may cause the page layout to be inconsistent, however.

[49]
Overfull \hbox (70.31291pt too wide) in paragraph at lines 580--581
[]\OT1/ppl/m/n/20.74 To cre-ate the test-bench, af-ter the video is recorded,th
e
 []


<Images/Evaluation/HumanDetection/bounding_boxes.png, id=189, 743.77875pt x 559
.08875pt>
File: Images/Evaluation/HumanDetection/bounding_boxes.png Graphic file (type pn
g)
 <use Images/Evaluation/HumanDetection/bounding_boxes.png>
Package pdftex.def Info: Images/Evaluation/HumanDetection/bounding_boxes.png us
ed on input line 584.
(pdftex.def)             Requested size: 146.39133pt x 110.04132pt.

Overfull \hbox (36.44353pt too wide) in paragraph at lines 591--592
\OT1/ppl/m/n/20.74 To test the Eye-Gaze con-trol, the ARTA wheelchair
 []


Overfull \hbox (27.73456pt too wide) in paragraph at lines 594--595
\OT1/ppl/m/n/20.74 along the cor-ri-dor un-til it has reached the marked
 []


Package Fancyhdr Warning: \headheight is too small (12.0pt): 
 Make it at least 14.49998pt.
 We now make it that large for the rest of the document.
 This may cause the page layout to be inconsistent, however.

[50]
<Images/Evaluation/EyeGaze/Initial_Test.png, id=193, 388.45125pt x 515.9275pt>
File: Images/Evaluation/EyeGaze/Initial_Test.png Graphic file (type png)

<use Images/Evaluation/EyeGaze/Initial_Test.png>
Package pdftex.def Info: Images/Evaluation/EyeGaze/Initial_Test.png used on inp
ut line 598.
(pdftex.def)             Requested size: 125.47737pt x 166.65103pt.

Overfull \hbox (0.68846pt too wide) in paragraph at lines 605--606
\OT1/ppl/m/n/20.74 To fully test the nav-i-ga-tional ca-pa-bil-i-ties of the
 []


Overfull \hbox (3.75946pt too wide) in paragraph at lines 605--606
\OT1/ppl/m/n/20.74 turn-ing around cor-ners or en-ter-ing doors must
 []


Overfull \hbox (19.03093pt too wide) in paragraph at lines 610--611
[]\OT1/ppl/m/n/20.74 Navigate down a cor-ri-dor and turn left-/right
 []


Overfull \hbox (14.36467pt too wide) in paragraph at lines 612--613
[]\OT1/ppl/m/n/20.74 Navigate down cor-ri-dor with peo-ple around
 []


Package Fancyhdr Warning: \headheight is too small (12.0pt): 
 Make it at least 14.49998pt.
 We now make it that large for the rest of the document.
 This may cause the page layout to be inconsistent, however.

[51]
Overfull \hbox (17.55034pt too wide) in paragraph at lines 616--617
\OT1/ppl/m/n/20.74 per-son or ob-ject will col-lide with the wheelchair.
 []


Overfull \hbox (1.4779pt too wide) in paragraph at lines 619--620
\OT1/ppl/m/n/20.74 To test the col-li-sion warn-ings, we can play pre-
 []


Overfull \hbox (2.43243pt too wide) in paragraph at lines 619--620
\OT1/ppl/m/n/20.74 recorded videos of peo-ple mov-ing to-wards the
 []


Overfull \hbox (5.2122pt too wide) in paragraph at lines 621--622
\OT1/ppl/m/n/20.74 gram ren-ders would go through a pro-cess such
 []


Package Fancyhdr Warning: \headheight is too small (12.0pt): 
 Make it at least 14.49998pt.
 We now make it that large for the rest of the document.
 This may cause the page layout to be inconsistent, however.

[52]
<Images/Evaluation/ObjectAvoidance/Object_Avoidance_Render.png, id=200, 950.551
25pt x 371.3875pt>
File: Images/Evaluation/ObjectAvoidance/Object_Avoidance_Render.png Graphic fil
e (type png)

<use Images/Evaluation/ObjectAvoidance/Object_Avoidance_Render.png>
Package pdftex.def Info: Images/Evaluation/ObjectAvoidance/Object_Avoidance_Ren
der.png used on input line 625.
(pdftex.def)             Requested size: 418.25368pt x 163.41666pt.

Overfull \hbox (23.39912pt too wide) in paragraph at lines 633--634
\OT1/ppl/m/n/20.74 tests in this sec-tion. It tests the smart wheelchairs
 []


Overfull \hbox (7.38792pt too wide) in paragraph at lines 635--636
\OT1/ppl/m/n/20.74 tur-ing all the el-e-ments from pre-vi-ous tests. The
 []


Overfull \hbox (3.65587pt too wide) in paragraph at lines 635--636
\OT1/ppl/m/n/20.74 the cor-ri-dor and turn into a door-way, all whilst
 []


Overfull \hbox (3.44957pt too wide) in paragraph at lines 635--636
\OT1/ppl/m/n/20.74 around ob-sta-cles in the way, such as card-board
 []


Package Fancyhdr Warning: \headheight is too small (12.0pt): 
 Make it at least 14.49998pt.
 We now make it that large for the rest of the document.
 This may cause the page layout to be inconsistent, however.

[53]

Package Fancyhdr Warning: \headheight is too small (12.0pt): 
 Make it at least 14.49998pt.
 We now make it that large for the rest of the document.
 This may cause the page layout to be inconsistent, however.

[54 <./Images/Evaluation/HumanDetection/IMG_4071.jpg> <./Images/Evaluation/Huma
nDetection/IMG_4077.jpg> <./Images/Evaluation/HumanDetection/IMG_4080.jpg> <./I
mages/Evaluation/HumanDetection/IMG_4079.jpg>]

Package Fancyhdr Warning: \headheight is too small (12.0pt): 
 Make it at least 14.49998pt.
 We now make it that large for the rest of the document.
 This may cause the page layout to be inconsistent, however.

[55 <./Images/Evaluation/HumanDetection/bounding_boxes.png> <./Images/Evaluatio
n/EyeGaze/Initial_Test.png> <./Images/Evaluation/ObjectAvoidance/Object_Avoidan
ce_Render.png>]
Chapter 5.

Overfull \hbox (56.00272pt too wide) in paragraph at lines 644--645
\OT1/ppl/m/n/20.74 For safety rea-sons, the user op-er-at-ing the wheelchair
 []


Overfull \hbox (54.65424pt too wide) in paragraph at lines 644--645
\OT1/ppl/m/n/20.74 the sys-tem fail to stop the wheelchair au-tonomously. 
 []


Overfull \hbox (21.51239pt too wide) in paragraph at lines 646--647
[]\OT1/ppl/m/n/20.74 Furthermore, the speed of the wheelchair should
 []


Overfull \hbox (8.98604pt too wide) in paragraph at lines 646--647
\OT1/ppl/m/n/20.74 will be op-er-ated in-doors and around other peo-
 []

[56

]
Overfull \hbox (9.69083pt too wide) in paragraph at lines 648--649
\OT1/ppl/m/n/20.74 must be clear of all non-test ob-sta-cles, and must
 []


Overfull \hbox (13.0095pt too wide) in paragraph at lines 653--654
\OT1/ppl/m/n/20.74 video record-ings of peo-ple walk-ing along walk-
 []


Overfull \hbox (30.45209pt too wide) in paragraph at lines 653--654
\OT1/ppl/m/n/20.74 ways will need to be taken. To avoid any breaches
 []


Package Fancyhdr Warning: \headheight is too small (12.0pt): 
 Make it at least 14.49998pt.
 We now make it that large for the rest of the document.
 This may cause the page layout to be inconsistent, however.

[57]

Package Fancyhdr Warning: \headheight is too small (12.0pt): 
 Make it at least 14.49998pt.
 We now make it that large for the rest of the document.
 This may cause the page layout to be inconsistent, however.

[58] (./main.bbl
Underfull \hbox (badness 1668) in paragraph at lines 9--13
\OT1/ppl/m/n/20.74 Part I - The es-sen-tial al-go-rithms.', \OT1/ppl/m/it/20.74
 IEEE
 []

[59

]
Underfull \hbox (badness 1147) in paragraph at lines 29--33
[]\OT1/ppl/m/n/20.74 Chac[]on-Quesada, R. & Demiris, Y. (2018),
 []


Underfull \hbox (badness 10000) in paragraph at lines 29--33
\OT1/ppl/m/n/20.74 `Aug-mented Re-al-ity Con-trol of Smart
 []


Underfull \hbox (badness 10000) in paragraph at lines 29--33
\OT1/ppl/b/n/20.74 URL: \OT1/ppl/m/it/20.74 http://www.imperial.ac.uk/personal-

 []


Underfull \hbox (badness 1048) in paragraph at lines 35--39
\OT1/ppl/m/n/20.74 of Ori-ented Gra-di-ents for Hu-man De-tec-
 []


Underfull \hbox (badness 1033) in paragraph at lines 42--46
\OT1/ppl/m/n/20.74 (2010), `In-door scene recog-ni-tion through
 []


Overfull \hbox (25.79541pt too wide) in paragraph at lines 49--52
\OT1/ppl/b/n/20.74 URL: \OT1/ppl/m/it/20.74 https://github.com/facebookresearch
/detectron 
 []


Package Fancyhdr Warning: \headheight is too small (12.0pt): 
 Make it at least 14.49998pt.
 We now make it that large for the rest of the document.
 This may cause the page layout to be inconsistent, however.

[60]
Underfull \hbox (badness 10000) in paragraph at lines 75--77
[]\OT1/ppl/m/n/20.74 Microsoft (2015), `Mi-crosoft HoloLens
 []


Underfull \hbox (badness 10000) in paragraph at lines 79--82
\OT1/ppl/b/n/20.74 URL: \OT1/ppl/m/it/20.74 https://docs.microsoft.com/en-
 []


Package Fancyhdr Warning: \headheight is too small (12.0pt): 
 Make it at least 14.49998pt.
 We now make it that large for the rest of the document.
 This may cause the page layout to be inconsistent, however.

[61]
Underfull \hbox (badness 1502) in paragraph at lines 88--91
\OT1/ppl/m/n/20.74 PLAYS', \OT1/ppl/m/it/20.74 IE-ICE Trans-ac-tions on In-for-
ma-tion
 []


Underfull \hbox (badness 2302) in paragraph at lines 95--102
[]\OT1/ppl/m/n/20.74 Montenegro-Couto, E. H., A. Hernandez-
 []


Underfull \hbox (badness 2042) in paragraph at lines 95--102
\OT1/ppl/m/n/20.74 Bastos-Filho, T. (2018), `To-wards an As-
 []


Underfull \hbox (badness 10000) in paragraph at lines 95--102
\OT1/ppl/m/n/20.74 sis-tive In-ter-face To Com-mand Robotic
 []


Overfull \hbox (49.27339pt too wide) in paragraph at lines 95--102
\OT1/ppl/b/n/20.74 URL: \OT1/ppl/m/it/20.74 https://www.even3.com.br/anais/cobe
cseb/78867 
 []


Package Fancyhdr Warning: \headheight is too small (12.0pt): 
 Make it at least 14.49998pt.
 We now make it that large for the rest of the document.
 This may cause the page layout to be inconsistent, however.

[62]
Underfull \hbox (badness 2951) in paragraph at lines 125--129
[]\OT1/ppl/m/n/20.74 Redmon, J., Div-vala, S., Gir-shick, R. &
 []


Overfull \hbox (7.58871pt too wide) in paragraph at lines 138--142
\OT1/ppl/b/n/20.74 URL: \OT1/ppl/m/it/20.74 https://doi.org/10.1016/j.procs.201
8.07.112 
 []


Overfull \hbox (122.60976pt too wide) in paragraph at lines 145--150
\OT1/ppl/b/n/20.74 URL: \OT1/ppl/m/it/20.74 http://ipsjcva.springeropen.com/art
icles/10.1186/s41074-
 []


Package Fancyhdr Warning: \headheight is too small (12.0pt): 
 Make it at least 14.49998pt.
 We now make it that large for the rest of the document.
 This may cause the page layout to be inconsistent, however.

[63]
Overfull \hbox (100.39888pt too wide) in paragraph at lines 153--158
\OT1/ppl/b/n/20.74 URL: \OT1/ppl/m/it/20.74 http://dl.acm.org/citation.cfm?doid
=3132272.3132278 
 []

(/usr/share/texlive/texmf-dist/tex/latex/ucs/data/uni-32.def
File: uni-32.def 2013/05/13 UCS: Unicode data U+2000..U+20FF
)
Overfull \hbox (95.44029pt too wide) in paragraph at lines 160--163
\OT1/ppl/b/n/20.74 URL: \OT1/ppl/m/it/20.74 https://medium.com/@madhawavidanapa
thirana/real-
 []


Underfull \hbox (badness 10000) in paragraph at lines 160--163
\OT1/ppl/m/it/20.74 time-human-detection-in-computer-vision-part-
 []


Underfull \hbox (badness 1997) in paragraph at lines 172--177
\OT1/ppl/m/n/20.74 O. (2010), `What you see is where you
 []


Overfull \hbox (133.78975pt too wide) in paragraph at lines 172--177
\OT1/ppl/b/n/20.74 URL: \OT1/ppl/m/it/20.74 http://portal.acm.org/citation.cfm?
doid=1743666.1743699 
 []


Package Fancyhdr Warning: \headheight is too small (12.0pt): 
 Make it at least 14.49998pt.
 We now make it that large for the rest of the document.
 This may cause the page layout to be inconsistent, however.

[64]
Underfull \hbox (badness 10000) in paragraph at lines 179--182
\OT1/ppl/b/n/20.74 URL: \OT1/ppl/m/it/20.74 https://docs.microsoft.com/en-
 []


Underfull \hbox (badness 10000) in paragraph at lines 179--182
\OT1/ppl/m/it/20.74 us/windows/mixed-reality/hololens-hardware-
 []

)

Package Fancyhdr Warning: \headheight is too small (12.0pt): 
 Make it at least 14.49998pt.
 We now make it that large for the rest of the document.
 This may cause the page layout to be inconsistent, however.

[65] [66

]
<Images/Implementation/Timeline_Split-0.png, id=249, 1248.665pt x 595.22375pt>
File: Images/Implementation/Timeline_Split-0.png Graphic file (type png)

<use Images/Implementation/Timeline_Split-0.png>
Package pdftex.def Info: Images/Implementation/Timeline_Split-0.png used on inp
ut line 683.
(pdftex.def)             Requested size: 624.33098pt x 297.61115pt.


LaTeX Warning: Float too large for page by 47.30077pt on input line 687.


<Images/Implementation/Timeline_Split-1.png, id=250, 1248.665pt x 595.22375pt>
File: Images/Implementation/Timeline_Split-1.png Graphic file (type png)

<use Images/Implementation/Timeline_Split-1.png>
Package pdftex.def Info: Images/Implementation/Timeline_Split-1.png used on inp
ut line 692.
(pdftex.def)             Requested size: 624.33098pt x 297.61115pt.


LaTeX Warning: Float too large for page by 47.30077pt on input line 696.

<Images/Implementation/System_Design.png, id=251, 495.8525pt x 527.9725pt>
File: Images/Implementation/System_Design.png Graphic file (type png)

<use Images/Implementation/System_Design.png>
Package pdftex.def Info: Images/Implementation/System_Design.png used on input 
line 702.
(pdftex.def)             Requested size: 446.26312pt x 475.17085pt.

Overfull \hbox (28.00945pt too wide) in paragraph at lines 702--703
 [] 
 []


LaTeX Warning: `h' float specifier changed to `ht'.


Package Fancyhdr Warning: \headheight is too small (12.0pt): 
 Make it at least 14.49998pt.
 We now make it that large for the rest of the document.
 This may cause the page layout to be inconsistent, however.

[67 <./Images/Implementation/Timeline_Split-0.png>]

Package Fancyhdr Warning: \headheight is too small (12.0pt): 
 Make it at least 14.49998pt.
 We now make it that large for the rest of the document.
 This may cause the page layout to be inconsistent, however.

[68 <./Images/Implementation/Timeline_Split-1.png>]

Package Fancyhdr Warning: \headheight is too small (12.0pt): 
 Make it at least 14.49998pt.
 We now make it that large for the rest of the document.
 This may cause the page layout to be inconsistent, however.

[69 <./Images/Implementation/System_Design.png>] (./main.aux) ) 
Here is how much of TeX's memory you used:
 18714 strings out of 493029
 342239 string characters out of 6136235
 444761 words of memory out of 5000000
 21781 multiletter control sequences out of 15000+600000
 31269 words of font info for 80 fonts, out of 8000000 for 9000
 1141 hyphenation exceptions out of 8191
 62i,12n,92p,811b,556s stack positions out of 5000i,500n,10000p,200000b,80000s
{/usr/share/texl
ive/texmf-dist/fonts/enc/dvips/base/8r.enc}</usr/share/texlive/texmf-dist/fonts
/type1/public/amsfonts/cm/cmsy10.pfb></usr/share/texlive/texmf-dist/fonts/type1
/urw/palatino/uplb8a.pfb></usr/share/texlive/texmf-dist/fonts/type1/urw/palatin
o/uplr8a.pfb></usr/share/texlive/texmf-dist/fonts/type1/urw/palatino/uplri8a.pf
b>
Output written on main.pdf (70 pages, 7032749 bytes).
PDF statistics:
 281 PDF objects out of 1000 (max. 8388607)
 173 compressed objects within 2 object streams
 0 named destinations out of 1000 (max. 500000)
 103 words of extra memory for PDF output out of 10000 (max. 10000000)

